 echo from db 
object(Illuminate\Support\Collection)#1193 (2) {
  ["items":protected]=>
  array(2) {
    [0]=>
    object(stdClass)#1195 (3) {
      ["customer_id"]=>
      int(12)
      ["deposit"]=>
      string(7) "5000000"
      ["money"]=>
      string(8) "50000000"
    }
    [1]=>
    object(stdClass)#1197 (3) {
      ["customer_id"]=>
      int(24)
      ["deposit"]=>
      string(7) "2000000"
      ["money"]=>
      string(8) "20000000"
    }
  }
  ["escapeWhenCastingToString":protected]=>
  bool(false)
}
listStockAvailabel 1
[{"stock":"AAA"}]
if (listStockAvaiable != null && count(listStockAvaiable) > 0) 
$item->stock string(3) "AAA"

$customerData->id int(12)

total price 0
item 
object(stdClass)#1195 (3) {
  ["customer_id"]=>
  int(12)
  ["deposit"]=>
  string(7) "5000000"
  ["money"]=>
  string(8) "50000000"
}
data object(Illuminate\Support\Collection)#1193 (2) {
  ["items":protected]=>
  array(2) {
    [0]=>
    object(stdClass)#1195 (3) {
      ["customer_id"]=>
      int(12)
      ["deposit"]=>
      string(7) "5000000"
      ["money"]=>
      string(8) "50000000"
    }
    [1]=>
    object(stdClass)#1197 (3) {
      ["customer_id"]=>
      int(24)
      ["deposit"]=>
      string(7) "2000000"
      ["money"]=>
      string(8) "20000000"
    }
  }
  ["escapeWhenCastingToString":protected]=>
  bool(false)
}
listStockAvailabel 2
[{"stock":"VSI"},{"stock":"MTL"}]
if (listStockAvaiable != null && count(listStockAvaiable) > 0) 
$item->stock string(3) "VSI"

$customerData->id int(24)

$item->stock string(3) "MTL"

$customerData->id int(24)

total price 0
item 
object(stdClass)#1197 (3) {
  ["customer_id"]=>
  int(24)
  ["deposit"]=>
  string(7) "2000000"
  ["money"]=>
  string(8) "20000000"
}
data object(Illuminate\Support\Collection)#1193 (2) {
  ["items":protected]=>
  array(2) {
    [0]=>
    object(stdClass)#1195 (3) {
      ["customer_id"]=>
      int(12)
      ["deposit"]=>
      string(7) "5000000"
      ["money"]=>
      string(8) "50000000"
    }
    [1]=>
    object(stdClass)#1197 (3) {
      ["customer_id"]=>
      int(24)
      ["deposit"]=>
      string(7) "2000000"
      ["money"]=>
      string(8) "20000000"
    }
  }
  ["escapeWhenCastingToString":protected]=>
  bool(false)
}
echo from db 
object(Illuminate\Support\Collection)#1201 (2) {
  ["items":protected]=>
  array(2) {
    [0]=>
    object(stdClass)#1227 (3) {
      ["customer_id"]=>
      int(12)
      ["deposit"]=>
      string(7) "5000000"
      ["money"]=>
      string(8) "50000000"
    }
    [1]=>
    object(stdClass)#1215 (3) {
      ["customer_id"]=>
      int(24)
      ["deposit"]=>
      string(7) "2000000"
      ["money"]=>
      string(8) "20000000"
    }
  }
  ["escapeWhenCastingToString":protected]=>
  bool(false)
}
listStockAvailabel 1
[{"stock":"AAA"}]
if (listStockAvaiable != null && count(listStockAvaiable) > 0) 
$item->stock string(3) "AAA"

$customerData->id int(12)

total price 0
item 
object(stdClass)#1227 (3) {
  ["customer_id"]=>
  int(12)
  ["deposit"]=>
  string(7) "5000000"
  ["money"]=>
  string(8) "50000000"
}
data object(Illuminate\Support\Collection)#1201 (2) {
  ["items":protected]=>
  array(2) {
    [0]=>
    object(stdClass)#1227 (3) {
      ["customer_id"]=>
      int(12)
      ["deposit"]=>
      string(7) "5000000"
      ["money"]=>
      string(8) "50000000"
    }
    [1]=>
    object(stdClass)#1215 (3) {
      ["customer_id"]=>
      int(24)
      ["deposit"]=>
      string(7) "2000000"
      ["money"]=>
      string(8) "20000000"
    }
  }
  ["escapeWhenCastingToString":protected]=>
  bool(false)
}
listStockAvailabel 2
[{"stock":"VSI"},{"stock":"MTL"}]
if (listStockAvaiable != null && count(listStockAvaiable) > 0) 
$item->stock string(3) "VSI"

$customerData->id int(24)

$item->stock string(3) "MTL"

$customerData->id int(24)

total price 0
item 
object(stdClass)#1215 (3) {
  ["customer_id"]=>
  int(24)
  ["deposit"]=>
  string(7) "2000000"
  ["money"]=>
  string(8) "20000000"
}
data object(Illuminate\Support\Collection)#1201 (2) {
  ["items":protected]=>
  array(2) {
    [0]=>
    object(stdClass)#1227 (3) {
      ["customer_id"]=>
      int(12)
      ["deposit"]=>
      string(7) "5000000"
      ["money"]=>
      string(8) "50000000"
    }
    [1]=>
    object(stdClass)#1215 (3) {
      ["customer_id"]=>
      int(24)
      ["deposit"]=>
      string(7) "2000000"
      ["money"]=>
      string(8) "20000000"
    }
  }
  ["escapeWhenCastingToString":protected]=>
  bool(false)
}
echo from db 
object(Illuminate\Support\Collection)#1212 (2) {
  ["items":protected]=>
  array(2) {
    [0]=>
    object(stdClass)#1241 (3) {
      ["customer_id"]=>
      int(12)
      ["deposit"]=>
      string(7) "5000000"
      ["money"]=>
      string(8) "50000000"
    }
    [1]=>
    object(stdClass)#1226 (3) {
      ["customer_id"]=>
      int(24)
      ["deposit"]=>
      string(7) "2000000"
      ["money"]=>
      string(8) "20000000"
    }
  }
  ["escapeWhenCastingToString":protected]=>
  bool(false)
}
listStockAvailabel 1
[{"stock":"AAA"}]
if (listStockAvaiable != null && count(listStockAvaiable) > 0) 
$item->stock string(3) "AAA"

$customerData->id int(12)

total price 0
item 
object(stdClass)#1241 (3) {
  ["customer_id"]=>
  int(12)
  ["deposit"]=>
  string(7) "5000000"
  ["money"]=>
  string(8) "50000000"
}
data object(Illuminate\Support\Collection)#1212 (2) {
  ["items":protected]=>
  array(2) {
    [0]=>
    object(stdClass)#1241 (3) {
      ["customer_id"]=>
      int(12)
      ["deposit"]=>
      string(7) "5000000"
      ["money"]=>
      string(8) "50000000"
    }
    [1]=>
    object(stdClass)#1226 (3) {
      ["customer_id"]=>
      int(24)
      ["deposit"]=>
      string(7) "2000000"
      ["money"]=>
      string(8) "20000000"
    }
  }
  ["escapeWhenCastingToString":protected]=>
  bool(false)
}
listStockAvailabel 2
[{"stock":"VSI"},{"stock":"MTL"}]
if (listStockAvaiable != null && count(listStockAvaiable) > 0) 
$item->stock string(3) "VSI"

$customerData->id int(24)

$item->stock string(3) "MTL"

$customerData->id int(24)

total price 0
item 
object(stdClass)#1226 (3) {
  ["customer_id"]=>
  int(24)
  ["deposit"]=>
  string(7) "2000000"
  ["money"]=>
  string(8) "20000000"
}
data object(Illuminate\Support\Collection)#1212 (2) {
  ["items":protected]=>
  array(2) {
    [0]=>
    object(stdClass)#1241 (3) {
      ["customer_id"]=>
      int(12)
      ["deposit"]=>
      string(7) "5000000"
      ["money"]=>
      string(8) "50000000"
    }
    [1]=>
    object(stdClass)#1226 (3) {
      ["customer_id"]=>
      int(24)
      ["deposit"]=>
      string(7) "2000000"
      ["money"]=>
      string(8) "20000000"
    }
  }
  ["escapeWhenCastingToString":protected]=>
  bool(false)
}
